<?xml version="1.0" encoding="UTF-8"?>
<testng-results skipped="0" failed="0" ignored="0" total="1" passed="1">
  <reporter-output>
  </reporter-output>
  <suite name="Default suite" duration-ms="12300" started-at="2018-01-06T04:47:39Z" finished-at="2018-01-06T04:47:51Z">
    <groups>
    </groups>
    <test name="Default test" duration-ms="12300" started-at="2018-01-06T04:47:39Z" finished-at="2018-01-06T04:47:51Z">
      <class name="com.tm.sampletest.Tc_01_Login">
        <test-method status="PASS" signature="launchBrowser()[pri:0, instance:com.tm.sampletest.Tc_01_Login@482f8f11]" name="launchBrowser" duration-ms="12266" started-at="2018-01-06T10:17:39Z" finished-at="2018-01-06T10:17:51Z">
          <reporter-output>
          </reporter-output>
        </test-method> <!-- launchBrowser -->
      </class> <!-- com.tm.sampletest.Tc_01_Login -->
    </test> <!-- Default test -->
  </suite> <!-- Default suite -->
</testng-results>
